<?xml version="1.0" encoding="UTF-8"?><testrun name="TestVendingMachine" project="tabaoex14" tests="38" started="38" failures="0" errors="10" ignored="0">
  <testsuite name="org.acumen.training.codes.test.TestVendingMachine" time="0.241" displayname="TestVendingMachine" uniqueid="[engine:junit-jupiter]/[class:org.acumen.training.codes.test.TestVendingMachine]">
    <testsuite name="testInsertValidCoin(org.acumen.training.codes.test.TestVendingMachine)" time="0.11" displayname="testInsertValidCoin(String)" parameters="java.lang.String" uniqueid="[engine:junit-jupiter]/[class:org.acumen.training.codes.test.TestVendingMachine]/[test-template:testInsertValidCoin(java.lang.String)]">
      <testcase name="testInsertValidCoin" classname="org.acumen.training.codes.test.TestVendingMachine" time="0.11" dynamicTest="true" displayname="repetition 1 of 10" parameters="java.lang.String" uniqueid="[engine:junit-jupiter]/[class:org.acumen.training.codes.test.TestVendingMachine]/[test-template:testInsertValidCoin(java.lang.String)]/[test-template-invocation:#1]">
        <error>org.junit.jupiter.api.extension.ParameterResolutionException: No ParameterResolver registered for parameter [java.lang.String arg0] in method [public void org.acumen.training.codes.test.TestVendingMachine.testInsertValidCoin(java.lang.String)].
	at java.base/java.util.stream.ForEachOps$ForEachOp$OfRef.accept(ForEachOps.java:184)
	at java.base/java.util.stream.ReferencePipeline$3$1.accept(ReferencePipeline.java:197)
	at java.base/java.util.stream.ReferencePipeline$2$1.accept(ReferencePipeline.java:179)
	at java.base/java.util.stream.ReferencePipeline$3$1.accept(ReferencePipeline.java:197)
	at java.base/java.util.stream.ForEachOps$ForEachOp$OfRef.accept(ForEachOps.java:184)
	at java.base/java.util.stream.ReferencePipeline$3$1.accept(ReferencePipeline.java:197)
	at java.base/java.util.stream.IntPipeline$1$1.accept(IntPipeline.java:180)
	at java.base/java.util.stream.Streams$RangeIntSpliterator.forEachRemaining(Streams.java:104)
	at java.base/java.util.Spliterator$OfInt.forEachRemaining(Spliterator.java:712)
	at java.base/java.util.stream.AbstractPipeline.copyInto(AbstractPipeline.java:509)
	at java.base/java.util.stream.AbstractPipeline.wrapAndCopyInto(AbstractPipeline.java:499)
	at java.base/java.util.stream.ForEachOps$ForEachOp.evaluateSequential(ForEachOps.java:151)
	at java.base/java.util.stream.ForEachOps$ForEachOp$OfRef.evaluateSequential(ForEachOps.java:174)
	at java.base/java.util.stream.AbstractPipeline.evaluate(AbstractPipeline.java:234)
	at java.base/java.util.stream.ReferencePipeline.forEach(ReferencePipeline.java:596)
	at java.base/java.util.stream.ReferencePipeline$7$1.accept(ReferencePipeline.java:276)
	at java.base/java.util.ArrayList$ArrayListSpliterator.forEachRemaining(ArrayList.java:1708)
	at java.base/java.util.stream.AbstractPipeline.copyInto(AbstractPipeline.java:509)
	at java.base/java.util.stream.AbstractPipeline.wrapAndCopyInto(AbstractPipeline.java:499)
	at java.base/java.util.stream.ForEachOps$ForEachOp.evaluateSequential(ForEachOps.java:151)
	at java.base/java.util.stream.ForEachOps$ForEachOp$OfRef.evaluateSequential(ForEachOps.java:174)
	at java.base/java.util.stream.AbstractPipeline.evaluate(AbstractPipeline.java:234)
	at java.base/java.util.stream.ReferencePipeline.forEach(ReferencePipeline.java:596)
	at java.base/java.util.ArrayList.forEach(ArrayList.java:1596)
	at java.base/java.util.ArrayList.forEach(ArrayList.java:1596)

</error>
      </testcase>
      <testcase name="testInsertValidCoin" classname="org.acumen.training.codes.test.TestVendingMachine" time="0.001" dynamicTest="true" displayname="repetition 2 of 10" parameters="java.lang.String" uniqueid="[engine:junit-jupiter]/[class:org.acumen.training.codes.test.TestVendingMachine]/[test-template:testInsertValidCoin(java.lang.String)]/[test-template-invocation:#2]">
        <error>org.junit.jupiter.api.extension.ParameterResolutionException: No ParameterResolver registered for parameter [java.lang.String arg0] in method [public void org.acumen.training.codes.test.TestVendingMachine.testInsertValidCoin(java.lang.String)].
	at java.base/java.util.stream.ForEachOps$ForEachOp$OfRef.accept(ForEachOps.java:184)
	at java.base/java.util.stream.ReferencePipeline$3$1.accept(ReferencePipeline.java:197)
	at java.base/java.util.stream.ReferencePipeline$2$1.accept(ReferencePipeline.java:179)
	at java.base/java.util.stream.ReferencePipeline$3$1.accept(ReferencePipeline.java:197)
	at java.base/java.util.stream.ForEachOps$ForEachOp$OfRef.accept(ForEachOps.java:184)
	at java.base/java.util.stream.ReferencePipeline$3$1.accept(ReferencePipeline.java:197)
	at java.base/java.util.stream.IntPipeline$1$1.accept(IntPipeline.java:180)
	at java.base/java.util.stream.Streams$RangeIntSpliterator.forEachRemaining(Streams.java:104)
	at java.base/java.util.Spliterator$OfInt.forEachRemaining(Spliterator.java:712)
	at java.base/java.util.stream.AbstractPipeline.copyInto(AbstractPipeline.java:509)
	at java.base/java.util.stream.AbstractPipeline.wrapAndCopyInto(AbstractPipeline.java:499)
	at java.base/java.util.stream.ForEachOps$ForEachOp.evaluateSequential(ForEachOps.java:151)
	at java.base/java.util.stream.ForEachOps$ForEachOp$OfRef.evaluateSequential(ForEachOps.java:174)
	at java.base/java.util.stream.AbstractPipeline.evaluate(AbstractPipeline.java:234)
	at java.base/java.util.stream.ReferencePipeline.forEach(ReferencePipeline.java:596)
	at java.base/java.util.stream.ReferencePipeline$7$1.accept(ReferencePipeline.java:276)
	at java.base/java.util.ArrayList$ArrayListSpliterator.forEachRemaining(ArrayList.java:1708)
	at java.base/java.util.stream.AbstractPipeline.copyInto(AbstractPipeline.java:509)
	at java.base/java.util.stream.AbstractPipeline.wrapAndCopyInto(AbstractPipeline.java:499)
	at java.base/java.util.stream.ForEachOps$ForEachOp.evaluateSequential(ForEachOps.java:151)
	at java.base/java.util.stream.ForEachOps$ForEachOp$OfRef.evaluateSequential(ForEachOps.java:174)
	at java.base/java.util.stream.AbstractPipeline.evaluate(AbstractPipeline.java:234)
	at java.base/java.util.stream.ReferencePipeline.forEach(ReferencePipeline.java:596)
	at java.base/java.util.ArrayList.forEach(ArrayList.java:1596)
	at java.base/java.util.ArrayList.forEach(ArrayList.java:1596)

</error>
      </testcase>
      <testcase name="testInsertValidCoin" classname="org.acumen.training.codes.test.TestVendingMachine" time="0.001" dynamicTest="true" displayname="repetition 3 of 10" parameters="java.lang.String" uniqueid="[engine:junit-jupiter]/[class:org.acumen.training.codes.test.TestVendingMachine]/[test-template:testInsertValidCoin(java.lang.String)]/[test-template-invocation:#3]">
        <error>org.junit.jupiter.api.extension.ParameterResolutionException: No ParameterResolver registered for parameter [java.lang.String arg0] in method [public void org.acumen.training.codes.test.TestVendingMachine.testInsertValidCoin(java.lang.String)].
	at java.base/java.util.stream.ForEachOps$ForEachOp$OfRef.accept(ForEachOps.java:184)
	at java.base/java.util.stream.ReferencePipeline$3$1.accept(ReferencePipeline.java:197)
	at java.base/java.util.stream.ReferencePipeline$2$1.accept(ReferencePipeline.java:179)
	at java.base/java.util.stream.ReferencePipeline$3$1.accept(ReferencePipeline.java:197)
	at java.base/java.util.stream.ForEachOps$ForEachOp$OfRef.accept(ForEachOps.java:184)
	at java.base/java.util.stream.ReferencePipeline$3$1.accept(ReferencePipeline.java:197)
	at java.base/java.util.stream.IntPipeline$1$1.accept(IntPipeline.java:180)
	at java.base/java.util.stream.Streams$RangeIntSpliterator.forEachRemaining(Streams.java:104)
	at java.base/java.util.Spliterator$OfInt.forEachRemaining(Spliterator.java:712)
	at java.base/java.util.stream.AbstractPipeline.copyInto(AbstractPipeline.java:509)
	at java.base/java.util.stream.AbstractPipeline.wrapAndCopyInto(AbstractPipeline.java:499)
	at java.base/java.util.stream.ForEachOps$ForEachOp.evaluateSequential(ForEachOps.java:151)
	at java.base/java.util.stream.ForEachOps$ForEachOp$OfRef.evaluateSequential(ForEachOps.java:174)
	at java.base/java.util.stream.AbstractPipeline.evaluate(AbstractPipeline.java:234)
	at java.base/java.util.stream.ReferencePipeline.forEach(ReferencePipeline.java:596)
	at java.base/java.util.stream.ReferencePipeline$7$1.accept(ReferencePipeline.java:276)
	at java.base/java.util.ArrayList$ArrayListSpliterator.forEachRemaining(ArrayList.java:1708)
	at java.base/java.util.stream.AbstractPipeline.copyInto(AbstractPipeline.java:509)
	at java.base/java.util.stream.AbstractPipeline.wrapAndCopyInto(AbstractPipeline.java:499)
	at java.base/java.util.stream.ForEachOps$ForEachOp.evaluateSequential(ForEachOps.java:151)
	at java.base/java.util.stream.ForEachOps$ForEachOp$OfRef.evaluateSequential(ForEachOps.java:174)
	at java.base/java.util.stream.AbstractPipeline.evaluate(AbstractPipeline.java:234)
	at java.base/java.util.stream.ReferencePipeline.forEach(ReferencePipeline.java:596)
	at java.base/java.util.ArrayList.forEach(ArrayList.java:1596)
	at java.base/java.util.ArrayList.forEach(ArrayList.java:1596)

</error>
      </testcase>
      <testcase name="testInsertValidCoin" classname="org.acumen.training.codes.test.TestVendingMachine" time="0.002" dynamicTest="true" displayname="repetition 4 of 10" parameters="java.lang.String" uniqueid="[engine:junit-jupiter]/[class:org.acumen.training.codes.test.TestVendingMachine]/[test-template:testInsertValidCoin(java.lang.String)]/[test-template-invocation:#4]">
        <error>org.junit.jupiter.api.extension.ParameterResolutionException: No ParameterResolver registered for parameter [java.lang.String arg0] in method [public void org.acumen.training.codes.test.TestVendingMachine.testInsertValidCoin(java.lang.String)].
	at java.base/java.util.stream.ForEachOps$ForEachOp$OfRef.accept(ForEachOps.java:184)
	at java.base/java.util.stream.ReferencePipeline$3$1.accept(ReferencePipeline.java:197)
	at java.base/java.util.stream.ReferencePipeline$2$1.accept(ReferencePipeline.java:179)
	at java.base/java.util.stream.ReferencePipeline$3$1.accept(ReferencePipeline.java:197)
	at java.base/java.util.stream.ForEachOps$ForEachOp$OfRef.accept(ForEachOps.java:184)
	at java.base/java.util.stream.ReferencePipeline$3$1.accept(ReferencePipeline.java:197)
	at java.base/java.util.stream.IntPipeline$1$1.accept(IntPipeline.java:180)
	at java.base/java.util.stream.Streams$RangeIntSpliterator.forEachRemaining(Streams.java:104)
	at java.base/java.util.Spliterator$OfInt.forEachRemaining(Spliterator.java:712)
	at java.base/java.util.stream.AbstractPipeline.copyInto(AbstractPipeline.java:509)
	at java.base/java.util.stream.AbstractPipeline.wrapAndCopyInto(AbstractPipeline.java:499)
	at java.base/java.util.stream.ForEachOps$ForEachOp.evaluateSequential(ForEachOps.java:151)
	at java.base/java.util.stream.ForEachOps$ForEachOp$OfRef.evaluateSequential(ForEachOps.java:174)
	at java.base/java.util.stream.AbstractPipeline.evaluate(AbstractPipeline.java:234)
	at java.base/java.util.stream.ReferencePipeline.forEach(ReferencePipeline.java:596)
	at java.base/java.util.stream.ReferencePipeline$7$1.accept(ReferencePipeline.java:276)
	at java.base/java.util.ArrayList$ArrayListSpliterator.forEachRemaining(ArrayList.java:1708)
	at java.base/java.util.stream.AbstractPipeline.copyInto(AbstractPipeline.java:509)
	at java.base/java.util.stream.AbstractPipeline.wrapAndCopyInto(AbstractPipeline.java:499)
	at java.base/java.util.stream.ForEachOps$ForEachOp.evaluateSequential(ForEachOps.java:151)
	at java.base/java.util.stream.ForEachOps$ForEachOp$OfRef.evaluateSequential(ForEachOps.java:174)
	at java.base/java.util.stream.AbstractPipeline.evaluate(AbstractPipeline.java:234)
	at java.base/java.util.stream.ReferencePipeline.forEach(ReferencePipeline.java:596)
	at java.base/java.util.ArrayList.forEach(ArrayList.java:1596)
	at java.base/java.util.ArrayList.forEach(ArrayList.java:1596)

</error>
      </testcase>
      <testcase name="testInsertValidCoin" classname="org.acumen.training.codes.test.TestVendingMachine" time="0.0" dynamicTest="true" displayname="repetition 5 of 10" parameters="java.lang.String" uniqueid="[engine:junit-jupiter]/[class:org.acumen.training.codes.test.TestVendingMachine]/[test-template:testInsertValidCoin(java.lang.String)]/[test-template-invocation:#5]">
        <error>org.junit.jupiter.api.extension.ParameterResolutionException: No ParameterResolver registered for parameter [java.lang.String arg0] in method [public void org.acumen.training.codes.test.TestVendingMachine.testInsertValidCoin(java.lang.String)].
	at java.base/java.util.stream.ForEachOps$ForEachOp$OfRef.accept(ForEachOps.java:184)
	at java.base/java.util.stream.ReferencePipeline$3$1.accept(ReferencePipeline.java:197)
	at java.base/java.util.stream.ReferencePipeline$2$1.accept(ReferencePipeline.java:179)
	at java.base/java.util.stream.ReferencePipeline$3$1.accept(ReferencePipeline.java:197)
	at java.base/java.util.stream.ForEachOps$ForEachOp$OfRef.accept(ForEachOps.java:184)
	at java.base/java.util.stream.ReferencePipeline$3$1.accept(ReferencePipeline.java:197)
	at java.base/java.util.stream.IntPipeline$1$1.accept(IntPipeline.java:180)
	at java.base/java.util.stream.Streams$RangeIntSpliterator.forEachRemaining(Streams.java:104)
	at java.base/java.util.Spliterator$OfInt.forEachRemaining(Spliterator.java:712)
	at java.base/java.util.stream.AbstractPipeline.copyInto(AbstractPipeline.java:509)
	at java.base/java.util.stream.AbstractPipeline.wrapAndCopyInto(AbstractPipeline.java:499)
	at java.base/java.util.stream.ForEachOps$ForEachOp.evaluateSequential(ForEachOps.java:151)
	at java.base/java.util.stream.ForEachOps$ForEachOp$OfRef.evaluateSequential(ForEachOps.java:174)
	at java.base/java.util.stream.AbstractPipeline.evaluate(AbstractPipeline.java:234)
	at java.base/java.util.stream.ReferencePipeline.forEach(ReferencePipeline.java:596)
	at java.base/java.util.stream.ReferencePipeline$7$1.accept(ReferencePipeline.java:276)
	at java.base/java.util.ArrayList$ArrayListSpliterator.forEachRemaining(ArrayList.java:1708)
	at java.base/java.util.stream.AbstractPipeline.copyInto(AbstractPipeline.java:509)
	at java.base/java.util.stream.AbstractPipeline.wrapAndCopyInto(AbstractPipeline.java:499)
	at java.base/java.util.stream.ForEachOps$ForEachOp.evaluateSequential(ForEachOps.java:151)
	at java.base/java.util.stream.ForEachOps$ForEachOp$OfRef.evaluateSequential(ForEachOps.java:174)
	at java.base/java.util.stream.AbstractPipeline.evaluate(AbstractPipeline.java:234)
	at java.base/java.util.stream.ReferencePipeline.forEach(ReferencePipeline.java:596)
	at java.base/java.util.ArrayList.forEach(ArrayList.java:1596)
	at java.base/java.util.ArrayList.forEach(ArrayList.java:1596)

</error>
      </testcase>
      <testcase name="testInsertValidCoin" classname="org.acumen.training.codes.test.TestVendingMachine" time="0.0" dynamicTest="true" displayname="repetition 6 of 10" parameters="java.lang.String" uniqueid="[engine:junit-jupiter]/[class:org.acumen.training.codes.test.TestVendingMachine]/[test-template:testInsertValidCoin(java.lang.String)]/[test-template-invocation:#6]">
        <error>org.junit.jupiter.api.extension.ParameterResolutionException: No ParameterResolver registered for parameter [java.lang.String arg0] in method [public void org.acumen.training.codes.test.TestVendingMachine.testInsertValidCoin(java.lang.String)].
	at java.base/java.util.stream.ForEachOps$ForEachOp$OfRef.accept(ForEachOps.java:184)
	at java.base/java.util.stream.ReferencePipeline$3$1.accept(ReferencePipeline.java:197)
	at java.base/java.util.stream.ReferencePipeline$2$1.accept(ReferencePipeline.java:179)
	at java.base/java.util.stream.ReferencePipeline$3$1.accept(ReferencePipeline.java:197)
	at java.base/java.util.stream.ForEachOps$ForEachOp$OfRef.accept(ForEachOps.java:184)
	at java.base/java.util.stream.ReferencePipeline$3$1.accept(ReferencePipeline.java:197)
	at java.base/java.util.stream.IntPipeline$1$1.accept(IntPipeline.java:180)
	at java.base/java.util.stream.Streams$RangeIntSpliterator.forEachRemaining(Streams.java:104)
	at java.base/java.util.Spliterator$OfInt.forEachRemaining(Spliterator.java:712)
	at java.base/java.util.stream.AbstractPipeline.copyInto(AbstractPipeline.java:509)
	at java.base/java.util.stream.AbstractPipeline.wrapAndCopyInto(AbstractPipeline.java:499)
	at java.base/java.util.stream.ForEachOps$ForEachOp.evaluateSequential(ForEachOps.java:151)
	at java.base/java.util.stream.ForEachOps$ForEachOp$OfRef.evaluateSequential(ForEachOps.java:174)
	at java.base/java.util.stream.AbstractPipeline.evaluate(AbstractPipeline.java:234)
	at java.base/java.util.stream.ReferencePipeline.forEach(ReferencePipeline.java:596)
	at java.base/java.util.stream.ReferencePipeline$7$1.accept(ReferencePipeline.java:276)
	at java.base/java.util.ArrayList$ArrayListSpliterator.forEachRemaining(ArrayList.java:1708)
	at java.base/java.util.stream.AbstractPipeline.copyInto(AbstractPipeline.java:509)
	at java.base/java.util.stream.AbstractPipeline.wrapAndCopyInto(AbstractPipeline.java:499)
	at java.base/java.util.stream.ForEachOps$ForEachOp.evaluateSequential(ForEachOps.java:151)
	at java.base/java.util.stream.ForEachOps$ForEachOp$OfRef.evaluateSequential(ForEachOps.java:174)
	at java.base/java.util.stream.AbstractPipeline.evaluate(AbstractPipeline.java:234)
	at java.base/java.util.stream.ReferencePipeline.forEach(ReferencePipeline.java:596)
	at java.base/java.util.ArrayList.forEach(ArrayList.java:1596)
	at java.base/java.util.ArrayList.forEach(ArrayList.java:1596)

</error>
      </testcase>
      <testcase name="testInsertValidCoin" classname="org.acumen.training.codes.test.TestVendingMachine" time="0.001" dynamicTest="true" displayname="repetition 7 of 10" parameters="java.lang.String" uniqueid="[engine:junit-jupiter]/[class:org.acumen.training.codes.test.TestVendingMachine]/[test-template:testInsertValidCoin(java.lang.String)]/[test-template-invocation:#7]">
        <error>org.junit.jupiter.api.extension.ParameterResolutionException: No ParameterResolver registered for parameter [java.lang.String arg0] in method [public void org.acumen.training.codes.test.TestVendingMachine.testInsertValidCoin(java.lang.String)].
	at java.base/java.util.stream.ForEachOps$ForEachOp$OfRef.accept(ForEachOps.java:184)
	at java.base/java.util.stream.ReferencePipeline$3$1.accept(ReferencePipeline.java:197)
	at java.base/java.util.stream.ReferencePipeline$2$1.accept(ReferencePipeline.java:179)
	at java.base/java.util.stream.ReferencePipeline$3$1.accept(ReferencePipeline.java:197)
	at java.base/java.util.stream.ForEachOps$ForEachOp$OfRef.accept(ForEachOps.java:184)
	at java.base/java.util.stream.ReferencePipeline$3$1.accept(ReferencePipeline.java:197)
	at java.base/java.util.stream.IntPipeline$1$1.accept(IntPipeline.java:180)
	at java.base/java.util.stream.Streams$RangeIntSpliterator.forEachRemaining(Streams.java:104)
	at java.base/java.util.Spliterator$OfInt.forEachRemaining(Spliterator.java:712)
	at java.base/java.util.stream.AbstractPipeline.copyInto(AbstractPipeline.java:509)
	at java.base/java.util.stream.AbstractPipeline.wrapAndCopyInto(AbstractPipeline.java:499)
	at java.base/java.util.stream.ForEachOps$ForEachOp.evaluateSequential(ForEachOps.java:151)
	at java.base/java.util.stream.ForEachOps$ForEachOp$OfRef.evaluateSequential(ForEachOps.java:174)
	at java.base/java.util.stream.AbstractPipeline.evaluate(AbstractPipeline.java:234)
	at java.base/java.util.stream.ReferencePipeline.forEach(ReferencePipeline.java:596)
	at java.base/java.util.stream.ReferencePipeline$7$1.accept(ReferencePipeline.java:276)
	at java.base/java.util.ArrayList$ArrayListSpliterator.forEachRemaining(ArrayList.java:1708)
	at java.base/java.util.stream.AbstractPipeline.copyInto(AbstractPipeline.java:509)
	at java.base/java.util.stream.AbstractPipeline.wrapAndCopyInto(AbstractPipeline.java:499)
	at java.base/java.util.stream.ForEachOps$ForEachOp.evaluateSequential(ForEachOps.java:151)
	at java.base/java.util.stream.ForEachOps$ForEachOp$OfRef.evaluateSequential(ForEachOps.java:174)
	at java.base/java.util.stream.AbstractPipeline.evaluate(AbstractPipeline.java:234)
	at java.base/java.util.stream.ReferencePipeline.forEach(ReferencePipeline.java:596)
	at java.base/java.util.ArrayList.forEach(ArrayList.java:1596)
	at java.base/java.util.ArrayList.forEach(ArrayList.java:1596)

</error>
      </testcase>
      <testcase name="testInsertValidCoin" classname="org.acumen.training.codes.test.TestVendingMachine" time="0.0" dynamicTest="true" displayname="repetition 8 of 10" parameters="java.lang.String" uniqueid="[engine:junit-jupiter]/[class:org.acumen.training.codes.test.TestVendingMachine]/[test-template:testInsertValidCoin(java.lang.String)]/[test-template-invocation:#8]">
        <error>org.junit.jupiter.api.extension.ParameterResolutionException: No ParameterResolver registered for parameter [java.lang.String arg0] in method [public void org.acumen.training.codes.test.TestVendingMachine.testInsertValidCoin(java.lang.String)].
	at java.base/java.util.stream.ForEachOps$ForEachOp$OfRef.accept(ForEachOps.java:184)
	at java.base/java.util.stream.ReferencePipeline$3$1.accept(ReferencePipeline.java:197)
	at java.base/java.util.stream.ReferencePipeline$2$1.accept(ReferencePipeline.java:179)
	at java.base/java.util.stream.ReferencePipeline$3$1.accept(ReferencePipeline.java:197)
	at java.base/java.util.stream.ForEachOps$ForEachOp$OfRef.accept(ForEachOps.java:184)
	at java.base/java.util.stream.ReferencePipeline$3$1.accept(ReferencePipeline.java:197)
	at java.base/java.util.stream.IntPipeline$1$1.accept(IntPipeline.java:180)
	at java.base/java.util.stream.Streams$RangeIntSpliterator.forEachRemaining(Streams.java:104)
	at java.base/java.util.Spliterator$OfInt.forEachRemaining(Spliterator.java:712)
	at java.base/java.util.stream.AbstractPipeline.copyInto(AbstractPipeline.java:509)
	at java.base/java.util.stream.AbstractPipeline.wrapAndCopyInto(AbstractPipeline.java:499)
	at java.base/java.util.stream.ForEachOps$ForEachOp.evaluateSequential(ForEachOps.java:151)
	at java.base/java.util.stream.ForEachOps$ForEachOp$OfRef.evaluateSequential(ForEachOps.java:174)
	at java.base/java.util.stream.AbstractPipeline.evaluate(AbstractPipeline.java:234)
	at java.base/java.util.stream.ReferencePipeline.forEach(ReferencePipeline.java:596)
	at java.base/java.util.stream.ReferencePipeline$7$1.accept(ReferencePipeline.java:276)
	at java.base/java.util.ArrayList$ArrayListSpliterator.forEachRemaining(ArrayList.java:1708)
	at java.base/java.util.stream.AbstractPipeline.copyInto(AbstractPipeline.java:509)
	at java.base/java.util.stream.AbstractPipeline.wrapAndCopyInto(AbstractPipeline.java:499)
	at java.base/java.util.stream.ForEachOps$ForEachOp.evaluateSequential(ForEachOps.java:151)
	at java.base/java.util.stream.ForEachOps$ForEachOp$OfRef.evaluateSequential(ForEachOps.java:174)
	at java.base/java.util.stream.AbstractPipeline.evaluate(AbstractPipeline.java:234)
	at java.base/java.util.stream.ReferencePipeline.forEach(ReferencePipeline.java:596)
	at java.base/java.util.ArrayList.forEach(ArrayList.java:1596)
	at java.base/java.util.ArrayList.forEach(ArrayList.java:1596)

</error>
      </testcase>
      <testcase name="testInsertValidCoin" classname="org.acumen.training.codes.test.TestVendingMachine" time="0.001" dynamicTest="true" displayname="repetition 9 of 10" parameters="java.lang.String" uniqueid="[engine:junit-jupiter]/[class:org.acumen.training.codes.test.TestVendingMachine]/[test-template:testInsertValidCoin(java.lang.String)]/[test-template-invocation:#9]">
        <error>org.junit.jupiter.api.extension.ParameterResolutionException: No ParameterResolver registered for parameter [java.lang.String arg0] in method [public void org.acumen.training.codes.test.TestVendingMachine.testInsertValidCoin(java.lang.String)].
	at java.base/java.util.stream.ForEachOps$ForEachOp$OfRef.accept(ForEachOps.java:184)
	at java.base/java.util.stream.ReferencePipeline$3$1.accept(ReferencePipeline.java:197)
	at java.base/java.util.stream.ReferencePipeline$2$1.accept(ReferencePipeline.java:179)
	at java.base/java.util.stream.ReferencePipeline$3$1.accept(ReferencePipeline.java:197)
	at java.base/java.util.stream.ForEachOps$ForEachOp$OfRef.accept(ForEachOps.java:184)
	at java.base/java.util.stream.ReferencePipeline$3$1.accept(ReferencePipeline.java:197)
	at java.base/java.util.stream.IntPipeline$1$1.accept(IntPipeline.java:180)
	at java.base/java.util.stream.Streams$RangeIntSpliterator.forEachRemaining(Streams.java:104)
	at java.base/java.util.Spliterator$OfInt.forEachRemaining(Spliterator.java:712)
	at java.base/java.util.stream.AbstractPipeline.copyInto(AbstractPipeline.java:509)
	at java.base/java.util.stream.AbstractPipeline.wrapAndCopyInto(AbstractPipeline.java:499)
	at java.base/java.util.stream.ForEachOps$ForEachOp.evaluateSequential(ForEachOps.java:151)
	at java.base/java.util.stream.ForEachOps$ForEachOp$OfRef.evaluateSequential(ForEachOps.java:174)
	at java.base/java.util.stream.AbstractPipeline.evaluate(AbstractPipeline.java:234)
	at java.base/java.util.stream.ReferencePipeline.forEach(ReferencePipeline.java:596)
	at java.base/java.util.stream.ReferencePipeline$7$1.accept(ReferencePipeline.java:276)
	at java.base/java.util.ArrayList$ArrayListSpliterator.forEachRemaining(ArrayList.java:1708)
	at java.base/java.util.stream.AbstractPipeline.copyInto(AbstractPipeline.java:509)
	at java.base/java.util.stream.AbstractPipeline.wrapAndCopyInto(AbstractPipeline.java:499)
	at java.base/java.util.stream.ForEachOps$ForEachOp.evaluateSequential(ForEachOps.java:151)
	at java.base/java.util.stream.ForEachOps$ForEachOp$OfRef.evaluateSequential(ForEachOps.java:174)
	at java.base/java.util.stream.AbstractPipeline.evaluate(AbstractPipeline.java:234)
	at java.base/java.util.stream.ReferencePipeline.forEach(ReferencePipeline.java:596)
	at java.base/java.util.ArrayList.forEach(ArrayList.java:1596)
	at java.base/java.util.ArrayList.forEach(ArrayList.java:1596)

</error>
      </testcase>
      <testcase name="testInsertValidCoin" classname="org.acumen.training.codes.test.TestVendingMachine" time="0.0" dynamicTest="true" displayname="repetition 10 of 10" parameters="java.lang.String" uniqueid="[engine:junit-jupiter]/[class:org.acumen.training.codes.test.TestVendingMachine]/[test-template:testInsertValidCoin(java.lang.String)]/[test-template-invocation:#10]">
        <error>org.junit.jupiter.api.extension.ParameterResolutionException: No ParameterResolver registered for parameter [java.lang.String arg0] in method [public void org.acumen.training.codes.test.TestVendingMachine.testInsertValidCoin(java.lang.String)].
	at java.base/java.util.stream.ForEachOps$ForEachOp$OfRef.accept(ForEachOps.java:184)
	at java.base/java.util.stream.ReferencePipeline$3$1.accept(ReferencePipeline.java:197)
	at java.base/java.util.stream.ReferencePipeline$2$1.accept(ReferencePipeline.java:179)
	at java.base/java.util.stream.ReferencePipeline$3$1.accept(ReferencePipeline.java:197)
	at java.base/java.util.stream.ForEachOps$ForEachOp$OfRef.accept(ForEachOps.java:184)
	at java.base/java.util.stream.ReferencePipeline$3$1.accept(ReferencePipeline.java:197)
	at java.base/java.util.stream.IntPipeline$1$1.accept(IntPipeline.java:180)
	at java.base/java.util.stream.Streams$RangeIntSpliterator.forEachRemaining(Streams.java:108)
	at java.base/java.util.Spliterator$OfInt.forEachRemaining(Spliterator.java:712)
	at java.base/java.util.stream.AbstractPipeline.copyInto(AbstractPipeline.java:509)
	at java.base/java.util.stream.AbstractPipeline.wrapAndCopyInto(AbstractPipeline.java:499)
	at java.base/java.util.stream.ForEachOps$ForEachOp.evaluateSequential(ForEachOps.java:151)
	at java.base/java.util.stream.ForEachOps$ForEachOp$OfRef.evaluateSequential(ForEachOps.java:174)
	at java.base/java.util.stream.AbstractPipeline.evaluate(AbstractPipeline.java:234)
	at java.base/java.util.stream.ReferencePipeline.forEach(ReferencePipeline.java:596)
	at java.base/java.util.stream.ReferencePipeline$7$1.accept(ReferencePipeline.java:276)
	at java.base/java.util.ArrayList$ArrayListSpliterator.forEachRemaining(ArrayList.java:1708)
	at java.base/java.util.stream.AbstractPipeline.copyInto(AbstractPipeline.java:509)
	at java.base/java.util.stream.AbstractPipeline.wrapAndCopyInto(AbstractPipeline.java:499)
	at java.base/java.util.stream.ForEachOps$ForEachOp.evaluateSequential(ForEachOps.java:151)
	at java.base/java.util.stream.ForEachOps$ForEachOp$OfRef.evaluateSequential(ForEachOps.java:174)
	at java.base/java.util.stream.AbstractPipeline.evaluate(AbstractPipeline.java:234)
	at java.base/java.util.stream.ReferencePipeline.forEach(ReferencePipeline.java:596)
	at java.base/java.util.ArrayList.forEach(ArrayList.java:1596)
	at java.base/java.util.ArrayList.forEach(ArrayList.java:1596)

</error>
      </testcase>
      <testcase name="testInsertValidCoin" classname="org.acumen.training.codes.test.TestVendingMachine" time="0.007" dynamicTest="true" displayname="[11] PENNY" parameters="java.lang.String" uniqueid="[engine:junit-jupiter]/[class:org.acumen.training.codes.test.TestVendingMachine]/[test-template:testInsertValidCoin(java.lang.String)]/[test-template-invocation:#11]"/>
      <testcase name="testInsertValidCoin" classname="org.acumen.training.codes.test.TestVendingMachine" time="0.001" dynamicTest="true" displayname="[12] NICKEL" parameters="java.lang.String" uniqueid="[engine:junit-jupiter]/[class:org.acumen.training.codes.test.TestVendingMachine]/[test-template:testInsertValidCoin(java.lang.String)]/[test-template-invocation:#12]"/>
      <testcase name="testInsertValidCoin" classname="org.acumen.training.codes.test.TestVendingMachine" time="0.001" dynamicTest="true" displayname="[13] DIME" parameters="java.lang.String" uniqueid="[engine:junit-jupiter]/[class:org.acumen.training.codes.test.TestVendingMachine]/[test-template:testInsertValidCoin(java.lang.String)]/[test-template-invocation:#13]"/>
      <testcase name="testInsertValidCoin" classname="org.acumen.training.codes.test.TestVendingMachine" time="0.001" dynamicTest="true" displayname="[14] QUARTER" parameters="java.lang.String" uniqueid="[engine:junit-jupiter]/[class:org.acumen.training.codes.test.TestVendingMachine]/[test-template:testInsertValidCoin(java.lang.String)]/[test-template-invocation:#14]"/>
      <testcase name="testInsertValidCoin" classname="org.acumen.training.codes.test.TestVendingMachine" time="0.009" dynamicTest="true" displayname="[15] HALFDOLLAR" parameters="java.lang.String" uniqueid="[engine:junit-jupiter]/[class:org.acumen.training.codes.test.TestVendingMachine]/[test-template:testInsertValidCoin(java.lang.String)]/[test-template-invocation:#15]"/>
      <testcase name="testInsertValidCoin" classname="org.acumen.training.codes.test.TestVendingMachine" time="0.0" dynamicTest="true" displayname="[16] SILVERDOLLAR" parameters="java.lang.String" uniqueid="[engine:junit-jupiter]/[class:org.acumen.training.codes.test.TestVendingMachine]/[test-template:testInsertValidCoin(java.lang.String)]/[test-template-invocation:#16]"/>
    </testsuite>
    <testsuite name="testReturnCoinsLogs(org.acumen.training.codes.test.TestVendingMachine)" time="0.001" displayname="testReturnCoinsLogs()" uniqueid="[engine:junit-jupiter]/[class:org.acumen.training.codes.test.TestVendingMachine]/[test-template:testReturnCoinsLogs()]">
      <testcase name="testReturnCoinsLogs" classname="org.acumen.training.codes.test.TestVendingMachine" time="0.0" dynamicTest="true" displayname="repetition 1 of 10" uniqueid="[engine:junit-jupiter]/[class:org.acumen.training.codes.test.TestVendingMachine]/[test-template:testReturnCoinsLogs()]/[test-template-invocation:#1]"/>
      <testcase name="testReturnCoinsLogs" classname="org.acumen.training.codes.test.TestVendingMachine" time="0.004" dynamicTest="true" displayname="repetition 2 of 10" uniqueid="[engine:junit-jupiter]/[class:org.acumen.training.codes.test.TestVendingMachine]/[test-template:testReturnCoinsLogs()]/[test-template-invocation:#2]"/>
      <testcase name="testReturnCoinsLogs" classname="org.acumen.training.codes.test.TestVendingMachine" time="0.0" dynamicTest="true" displayname="repetition 3 of 10" uniqueid="[engine:junit-jupiter]/[class:org.acumen.training.codes.test.TestVendingMachine]/[test-template:testReturnCoinsLogs()]/[test-template-invocation:#3]"/>
      <testcase name="testReturnCoinsLogs" classname="org.acumen.training.codes.test.TestVendingMachine" time="0.0" dynamicTest="true" displayname="repetition 4 of 10" uniqueid="[engine:junit-jupiter]/[class:org.acumen.training.codes.test.TestVendingMachine]/[test-template:testReturnCoinsLogs()]/[test-template-invocation:#4]"/>
      <testcase name="testReturnCoinsLogs" classname="org.acumen.training.codes.test.TestVendingMachine" time="0.003" dynamicTest="true" displayname="repetition 5 of 10" uniqueid="[engine:junit-jupiter]/[class:org.acumen.training.codes.test.TestVendingMachine]/[test-template:testReturnCoinsLogs()]/[test-template-invocation:#5]"/>
      <testcase name="testReturnCoinsLogs" classname="org.acumen.training.codes.test.TestVendingMachine" time="0.0" dynamicTest="true" displayname="repetition 6 of 10" uniqueid="[engine:junit-jupiter]/[class:org.acumen.training.codes.test.TestVendingMachine]/[test-template:testReturnCoinsLogs()]/[test-template-invocation:#6]"/>
      <testcase name="testReturnCoinsLogs" classname="org.acumen.training.codes.test.TestVendingMachine" time="0.001" dynamicTest="true" displayname="repetition 7 of 10" uniqueid="[engine:junit-jupiter]/[class:org.acumen.training.codes.test.TestVendingMachine]/[test-template:testReturnCoinsLogs()]/[test-template-invocation:#7]"/>
      <testcase name="testReturnCoinsLogs" classname="org.acumen.training.codes.test.TestVendingMachine" time="0.001" dynamicTest="true" displayname="repetition 8 of 10" uniqueid="[engine:junit-jupiter]/[class:org.acumen.training.codes.test.TestVendingMachine]/[test-template:testReturnCoinsLogs()]/[test-template-invocation:#8]"/>
      <testcase name="testReturnCoinsLogs" classname="org.acumen.training.codes.test.TestVendingMachine" time="0.005" dynamicTest="true" displayname="repetition 9 of 10" uniqueid="[engine:junit-jupiter]/[class:org.acumen.training.codes.test.TestVendingMachine]/[test-template:testReturnCoinsLogs()]/[test-template-invocation:#9]"/>
      <testcase name="testReturnCoinsLogs" classname="org.acumen.training.codes.test.TestVendingMachine" time="0.0" dynamicTest="true" displayname="repetition 10 of 10" uniqueid="[engine:junit-jupiter]/[class:org.acumen.training.codes.test.TestVendingMachine]/[test-template:testReturnCoinsLogs()]/[test-template-invocation:#10]"/>
    </testsuite>
    <testsuite name="testVendLogs(org.acumen.training.codes.test.TestVendingMachine)" time="0.006" displayname="testVendLogs()" uniqueid="[engine:junit-jupiter]/[class:org.acumen.training.codes.test.TestVendingMachine]/[test-template:testVendLogs()]">
      <testcase name="testVendLogs" classname="org.acumen.training.codes.test.TestVendingMachine" time="0.006" dynamicTest="true" displayname="repetition 1 of 10" uniqueid="[engine:junit-jupiter]/[class:org.acumen.training.codes.test.TestVendingMachine]/[test-template:testVendLogs()]/[test-template-invocation:#1]"/>
      <testcase name="testVendLogs" classname="org.acumen.training.codes.test.TestVendingMachine" time="0.0" dynamicTest="true" displayname="repetition 2 of 10" uniqueid="[engine:junit-jupiter]/[class:org.acumen.training.codes.test.TestVendingMachine]/[test-template:testVendLogs()]/[test-template-invocation:#2]"/>
      <testcase name="testVendLogs" classname="org.acumen.training.codes.test.TestVendingMachine" time="0.013" dynamicTest="true" displayname="repetition 3 of 10" uniqueid="[engine:junit-jupiter]/[class:org.acumen.training.codes.test.TestVendingMachine]/[test-template:testVendLogs()]/[test-template-invocation:#3]"/>
      <testcase name="testVendLogs" classname="org.acumen.training.codes.test.TestVendingMachine" time="0.001" dynamicTest="true" displayname="repetition 4 of 10" uniqueid="[engine:junit-jupiter]/[class:org.acumen.training.codes.test.TestVendingMachine]/[test-template:testVendLogs()]/[test-template-invocation:#4]"/>
      <testcase name="testVendLogs" classname="org.acumen.training.codes.test.TestVendingMachine" time="0.012" dynamicTest="true" displayname="repetition 5 of 10" uniqueid="[engine:junit-jupiter]/[class:org.acumen.training.codes.test.TestVendingMachine]/[test-template:testVendLogs()]/[test-template-invocation:#5]"/>
      <testcase name="testVendLogs" classname="org.acumen.training.codes.test.TestVendingMachine" time="0.001" dynamicTest="true" displayname="repetition 6 of 10" uniqueid="[engine:junit-jupiter]/[class:org.acumen.training.codes.test.TestVendingMachine]/[test-template:testVendLogs()]/[test-template-invocation:#6]"/>
      <testcase name="testVendLogs" classname="org.acumen.training.codes.test.TestVendingMachine" time="0.0" dynamicTest="true" displayname="repetition 7 of 10" uniqueid="[engine:junit-jupiter]/[class:org.acumen.training.codes.test.TestVendingMachine]/[test-template:testVendLogs()]/[test-template-invocation:#7]"/>
      <testcase name="testVendLogs" classname="org.acumen.training.codes.test.TestVendingMachine" time="0.012" dynamicTest="true" displayname="repetition 8 of 10" uniqueid="[engine:junit-jupiter]/[class:org.acumen.training.codes.test.TestVendingMachine]/[test-template:testVendLogs()]/[test-template-invocation:#8]"/>
      <testcase name="testVendLogs" classname="org.acumen.training.codes.test.TestVendingMachine" time="0.0" dynamicTest="true" displayname="repetition 9 of 10" uniqueid="[engine:junit-jupiter]/[class:org.acumen.training.codes.test.TestVendingMachine]/[test-template:testVendLogs()]/[test-template-invocation:#9]"/>
      <testcase name="testVendLogs" classname="org.acumen.training.codes.test.TestVendingMachine" time="0.011" dynamicTest="true" displayname="repetition 10 of 10" uniqueid="[engine:junit-jupiter]/[class:org.acumen.training.codes.test.TestVendingMachine]/[test-template:testVendLogs()]/[test-template-invocation:#10]"/>
    </testsuite>
    <testsuite name="testMixedCoin(org.acumen.training.codes.test.TestVendingMachine)" time="0.011" displayname="testMixedCoin()" uniqueid="[engine:junit-jupiter]/[class:org.acumen.training.codes.test.TestVendingMachine]/[test-template:testMixedCoin()]">
      <testcase name="testMixedCoin" classname="org.acumen.training.codes.test.TestVendingMachine" time="0.011" dynamicTest="true" displayname="repetition 1 of 2" uniqueid="[engine:junit-jupiter]/[class:org.acumen.training.codes.test.TestVendingMachine]/[test-template:testMixedCoin()]/[test-template-invocation:#1]"/>
      <testcase name="testMixedCoin" classname="org.acumen.training.codes.test.TestVendingMachine" time="0.001" dynamicTest="true" displayname="repetition 2 of 2" uniqueid="[engine:junit-jupiter]/[class:org.acumen.training.codes.test.TestVendingMachine]/[test-template:testMixedCoin()]/[test-template-invocation:#2]"/>
    </testsuite>
  </testsuite>
</testrun>
